Flutter crash report; please file at https://github.com/flutter/flutter/issues.

## command

flutter build bundle --target /Users/nephthalimabebe/Desktop/Flutter/Projects/koble/lib/main.dart --target-platform android-arm64 --filesystem-scheme org-dartlang-root --depfile /Users/nephthalimabebe/Desktop/Flutter/Projects/koble/build/app/intermediates/flutter/debug/android-arm64/snapshot_blob.bin.d --asset-dir /Users/nephthalimabebe/Desktop/Flutter/Projects/koble/build/app/intermediates/flutter/debug/android-arm64/flutter_assets --debug

## exception

FileSystemException: FileSystemException: writeFrom failed, path = '/Users/nephthalimabebe/Desktop/Flutter/Projects/koble/.dart_tool/flutter_build/ff768336bd06f5903b0d430e5b27b849/.filecache' (OS Error: No space left on device, errno = 28)

```
#0      _RandomAccessFile.writeFromSync (dart:io/file_impl.dart:879:7)
#1      _File.writeAsBytesSync (dart:io/file_impl.dart:614:14)
#2      ForwardingFile.writeAsBytesSync (package:file/src/forwarding/forwarding_file.dart:131:16)
#3      FileHashStore.persist (package:flutter_tools/src/build_system/file_hash_store.dart:132:10)
#4      BuildSystem.build (package:flutter_tools/src/build_system/build_system.dart:422:17)
<asynchronous suspension>
#5      buildWithAssemble (package:flutter_tools/src/bundle.dart:172:48)
<asynchronous suspension>
#6      BundleBuilder.build (package:flutter_tools/src/bundle.dart:85:13)
<asynchronous suspension>
#7      BuildBundleCommand.runCommand (package:flutter_tools/src/commands/build_bundle.dart:126:25)
<asynchronous suspension>
#8      FlutterCommand.verifyThenRunCommand (package:flutter_tools/src/runner/flutter_command.dart:557:18)
<asynchronous suspension>
#9      FlutterCommand.run.<anonymous closure> (package:flutter_tools/src/runner/flutter_command.dart:457:33)
<asynchronous suspension>
#10     AppContext.run.<anonymous closure> (package:flutter_tools/src/base/context.dart:157:29)
<asynchronous suspension>
#11     _rootRun (dart:async/zone.dart:1124:13)
#12     _CustomZone.run (dart:async/zone.dart:1021:19)
#13     _runZoned (dart:async/zone.dart:1516:10)
#14     runZoned (dart:async/zone.dart:1463:12)
#15     AppContext.run (package:flutter_tools/src/base/context.dart:156:18)
<asynchronous suspension>
#16     FlutterCommand.run (package:flutter_tools/src/runner/flutter_command.dart:446:20)
#17     CommandRunner.runCommand (package:args/command_runner.dart:197:27)
<asynchronous suspension>
#18     FlutterCommandRunner.runCommand.<anonymous closure> (package:flutter_tools/src/runner/flutter_command_runner.dart:416:21)
<asynchronous suspension>
#19     AppContext.run.<anonymous closure> (package:flutter_tools/src/base/context.dart:157:29)
<asynchronous suspension>
#20     _rootRun (dart:async/zone.dart:1124:13)
#21     _CustomZone.run (dart:async/zone.dart:1021:19)
#22     _runZoned (dart:async/zone.dart:1516:10)
#23     runZoned (dart:async/zone.dart:1463:12)
#24     AppContext.run (package:flutter_tools/src/base/context.dart:156:18)
<asynchronous suspension>
#25     FlutterCommandRunner.runCommand (package:flutter_tools/src/runner/flutter_command_runner.dart:367:19)
<asynchronous suspension>
#26     CommandRunner.run.<anonymous closure> (package:args/command_runner.dart:112:25)
#27     new Future.sync (dart:async/future.dart:224:31)
#28     CommandRunner.run (package:args/command_runner.dart:112:14)
#29     FlutterCommandRunner.run (package:flutter_tools/src/runner/flutter_command_runner.dart:251:18)
#30     run.<anonymous closure>.<anonymous closure> (package:flutter_tools/runner.dart:63:22)
<asynchronous suspension>
#31     _rootRun (dart:async/zone.dart:1124:13)
#32     _CustomZone.run (dart:async/zone.dart:1021:19)
#33     _runZoned (dart:async/zone.dart:1516:10)
#34     runZoned (dart:async/zone.dart:1500:12)
#35     run.<anonymous closure> (package:flutter_tools/runner.dart:61:18)
<asynchronous suspension>
#36     AppContext.run.<anonymous closure> (package:flutter_tools/src/base/context.dart:157:29)
<asynchronous suspension>
#37     _rootRun (dart:async/zone.dart:1124:13)
#38     _CustomZone.run (dart:async/zone.dart:1021:19)
#39     _runZoned (dart:async/zone.dart:1516:10)
#40     runZoned (dart:async/zone.dart:1463:12)
#41     AppContext.run (package:flutter_tools/src/base/context.dart:156:18)
<asynchronous suspension>
#42     runInContext (package:flutter_tools/src/context_runner.dart:63:24)
<asynchronous suspension>
#43     run (package:flutter_tools/runner.dart:50:10)
#44     main (package:flutter_tools/executable.dart:65:9)
<asynchronous suspension>
#45     main (file:///Users/nephthalimabebe/Desktop/Flutter/flutter/packages/flutter_tools/bin/flutter_tools.dart:8:3)
#46     _startIsolate.<anonymous closure> (dart:isolate-patch/isolate_patch.dart:303:32)
#47     _RawReceivePortImpl._handleMessage (dart:isolate-patch/isolate_patch.dart:172:12)
```

## flutter doctor

```
[✓] Flutter (Channel master, v1.10.13-pre.10, on Mac OS X 10.14.5 18F132, locale en-CA)
    • Flutter version 1.10.13-pre.10 at /Users/nephthalimabebe/Desktop/Flutter/flutter
    • Framework revision f4b4616f87 (35 hours ago), 2019-10-04 20:01:04 -0700
    • Engine revision 7d90779bb6
    • Dart version 2.6.0 (build 2.6.0-dev.0.0 d6c6d12ebf)

[!] Android toolchain - develop for Android devices (Android SDK version 29.0.1)
    • Android SDK at /Users/nephthalimabebe/Library/Android/sdk
    • Android NDK location not configured (optional; useful for native profiling support)
    • Platform android-29, build-tools 29.0.1
    • Java binary at: /Applications/Android Studio.app/Contents/jre/jdk/Contents/Home/bin/java
    • Java version OpenJDK Runtime Environment (build 1.8.0_152-release-1343-b01)
    ! Some Android licenses not accepted.  To resolve this, run: flutter doctor --android-licenses

[✓] Xcode - develop for iOS and macOS (Xcode 10.3)
    • Xcode at /Applications/Xcode.app/Contents/Developer
    • Xcode 10.3, Build version 10G8
    • CocoaPods version 1.7.5

[✓] Chrome - develop for the web
    • Chrome at /Applications/Google Chrome.app/Contents/MacOS/Google Chrome

[✓] Android Studio (version 3.4)
    • Android Studio at /Applications/Android Studio.app/Contents
    • Flutter plugin version 37.1.1
    • Dart plugin version 183.6270
    • Java version OpenJDK Runtime Environment (build 1.8.0_152-release-1343-b01)

[✓] Connected device (3 available)
    • SM G930W8       • ce091719d42b8c3304 • android-arm64  • Android 8.0.0 (API 26)
    • Chrome          • chrome             • web-javascript • Google Chrome 77.0.3865.90
    • Headless Server • headless-server    • web-javascript • Flutter Tools

! Doctor found issues in 1 category.
```
